<?xml version="1.0" encoding="UTF-8"?>
<!-- Generated by org.testng.reporters.JUnitXMLReporter -->
<testsuite ignored="0" hostname="kranthi.local" failures="1" tests="1" name="Getting all links using chrome browser" time="0.104" errors="0" timestamp="2024-12-21T13:20:27 IST">
  <testcase classname="com.AI.tests.TechieDelightTest" name="getalllinks" time="0.069">
    <failure type="java.lang.NullPointerException" message="Cannot invoke &amp;quot;org.openqa.selenium.WebDriver.findElements(org.openqa.selenium.By)&amp;quot; because the return value of &amp;quot;driver.DriverManager.getDriver()&amp;quot; is null">
      <![CDATA[java.lang.NullPointerException: Cannot invoke "org.openqa.selenium.WebDriver.findElements(org.openqa.selenium.By)" because the return value of "driver.DriverManager.getDriver()" is null
at com.AI.pages.Basepage.getLinksText(Basepage.java:198)
at com.AI.pages.TechiedelightPage.gettext(TechiedelightPage.java:17)
at com.AI.tests.TechieDelightTest.getalllinks(TechieDelightTest.java:20)
at java.base/java.util.ArrayList.forEach(ArrayList.java:1597)
... Removed 25 stack frames]]>
    </failure>
  </testcase> <!-- getalllinks -->
</testsuite> <!-- Getting all links using chrome browser -->
