<?xml version="1.0" encoding="UTF-8"?>
<!-- Generated by org.testng.reporters.JUnitXMLReporter -->
<testsuite ignored="0" hostname="kranthi.local" failures="1" tests="3" name="Default test" time="82.651" errors="0" timestamp="2024-12-21T13:17:37 IST">
  <testcase classname="com.AI.tests.TechieDelightTest" name="getalllinks" time="15.025">
    <skipped/>
  </testcase> <!-- getalllinks -->
  <testcase classname="com.AI.tests.TechieDelightTest" name="getalllinks" time="16.134">
    <skipped/>
  </testcase> <!-- getalllinks -->
  <testcase classname="com.AI.tests.TechieDelightTest" name="getalllinks" time="15.048">
    <failure type="java.lang.AssertionError" message="The following asserts failed:
	Link text is empty at index: 1 expected [false] but found [true],
	Link text is empty at index: 3 expected [false] but found [true],
	Link text is empty at index: 5 expected [false] but found [true],
	Link text is empty at index: 7 expected [false] but found [true],
	Link text is empty at index: 9 expected [false] but found [true],
	Link text is empty at index: 11 expected [false] but found [true],
	Link text is empty at index: 13 expected [false] but found [true],
	Link text is empty at index: 15 expected [false] but found [true],
	Link text is empty at index: 17 expected [false] but found [true],
	Link text is empty at index: 19 expected [false] but found [true],
	Link text is empty at index: 21 expected [false] but found [true],
	Link text is empty at index: 23 expected [false] but found [true],
	Link text is empty at index: 25 expected [false] but found [true],
	Link text is empty at index: 27 expected [false] but found [true],
	Link text is empty at index: 29 expected [false] but found [true],
	Link text is empty at index: 31 expected [false] but found [true],
	Link text is empty at index: 33 expected [false] but found [true],
	Link text is empty at index: 35 expected [false] but found [true],
	Link text is empty at index: 37 expected [false] but found [true],
	Link text is empty at index: 39 expected [false] but found [true],
	Link text is empty at index: 41 expected [false] but found [true],
	Link text is empty at index: 43 expected [false] but found [true],
	Link text is empty at index: 45 expected [false] but found [true],
	Link text is empty at index: 47 expected [false] but found [true],
	Link text is empty at index: 49 expected [false] but found [true],
	Link text is empty at index: 51 expected [false] but found [true],
	Link text is empty at index: 53 expected [false] but found [true],
	Link text is empty at index: 55 expected [false] but found [true],
	Link text is empty at index: 57 expected [false] but found [true],
	Link text is empty at index: 59 expected [false] but found [true],
	Link text is empty at index: 61 expected [false] but found [true],
	Link text is empty at index: 63 expected [false] but found [true],
	Link text is empty at index: 65 expected [false] but found [true],
	Link text is empty at index: 67 expected [false] but found [true],
	Link text is empty at index: 69 expected [false] but found [true],
	Link text is empty at index: 71 expected [false] but found [true],
	Link text is empty at index: 73 expected [false] but found [true],
	Link text is empty at index: 75 expected [false] but found [true],
	Link text is empty at index: 77 expected [false] but found [true],
	Link text is empty at index: 79 expected [false] but found [true],
	Link text is empty at index: 81 expected [false] but found [true],
	Link text is empty at index: 83 expected [false] but found [true],
	Link text is empty at index: 85 expected [false] but found [true],
	Link text is empty at index: 87 expected [false] but found [true],
	Link text is empty at index: 89 expected [false] but found [true],
	Link text is empty at index: 91 expected [false] but found [true],
	Link text is empty at index: 93 expected [false] but found [true],
	Link text is empty at index: 95 expected [false] but found [true],
	Link text is empty at index: 97 expected [false] but found [true],
	Link text is empty at index: 99 expected [false] but found [true],
	Link text is empty at index: 101 expected [false] but found [true],
	Link text is empty at index: 103 expected [false] but found [true],
	Link text is empty at index: 105 expected [false] but found [true],
	Link text is empty at index: 107 expected [false] but found [true],
	Link text is empty at index: 109 expected [false] but found [true],
	Link text is empty at index: 111 expected [false] but found [true],
	Link text is empty at index: 113 expected [false] but found [true],
	Link text is empty at index: 115 expected [false] but found [true],
	Link text is empty at index: 117 expected [false] but found [true],
	Link text is empty at index: 119 expected [false] but found [true],
	Link text is empty at index: 121 expected [false] but found [true],
	Link text is empty at index: 123 expected [false] but found [true],
	Link text is empty at index: 125 expected [false] but found [true],
	Link text is empty at index: 127 expected [false] but found [true],
	Link text is empty at index: 129 expected [false] but found [true],
	Link text is empty at index: 131 expected [false] but found [true],
	Link text is empty at index: 133 expected [false] but found [true],
	Link text is empty at index: 135 expected [false] but found [true],
	Link text is empty at index: 137 expected [false] but found [true],
	Link text is empty at index: 139 expected [false] but found [true],
	Link text is empty at index: 141 expected [false] but found [true],
	Link text is empty at index: 143 expected [false] but found [true],
	Link text is empty at index: 145 expected [false] but found [true],
	Link text is empty at index: 147 expected [false] but found [true],
	Link text is empty at index: 149 expected [false] but found [true],
	Link text is empty at index: 151 expected [false] but found [true],
	Link text is empty at index: 153 expected [false] but found [true],
	Link text is empty at index: 155 expected [false] but found [true],
	Link text is empty at index: 157 expected [false] but found [true],
	Link text is empty at index: 159 expected [false] but found [true],
	Link text is empty at index: 161 expected [false] but found [true],
	Link text is empty at index: 163 expected [false] but found [true],
	Link text is empty at index: 165 expected [false] but found [true],
	Link text is empty at index: 167 expected [false] but found [true],
	Link text is empty at index: 169 expected [false] but found [true],
	Link text is empty at index: 171 expected [false] but found [true],
	Link text is empty at index: 173 expected [false] but found [true],
	Link text is empty at index: 175 expected [false] but found [true],
	Link text is empty at index: 177 expected [false] but found [true],
	Link text is empty at index: 179 expected [false] but found [true],
	Link text is empty at index: 181 expected [false] but found [true],
	Link text is empty at index: 183 expected [false] but found [true],
	Link text is empty at index: 185 expected [false] but found [true],
	Link text is empty at index: 187 expected [false] but found [true],
	Link text is empty at index: 189 expected [false] but found [true],
	Link text is empty at index: 191 expected [false] but found [true],
	Link text is empty at index: 193 expected [false] but found [true],
	Link text is empty at index: 195 expected [false] but found [true],
	Link text is empty at index: 197 expected [false] but found [true],
	Link text is empty at index: 200 expected [false] but found [true],
	Link text is empty at index: 202 expected [false] but found [true],
	Link text is empty at index: 204 expected [false] but found [true],
	Link text is empty at index: 206 expected [false] but found [true],
	Link text is empty at index: 208 expected [false] but found [true],
	Link text is empty at index: 210 expected [false] but found [true],
	Link text is empty at index: 212 expected [false] but found [true],
	Link text is empty at index: 214 expected [false] but found [true],
	Link text is empty at index: 216 expected [false] but found [true],
	Link text is empty at index: 218 expected [false] but found [true],
	Link text is empty at index: 220 expected [false] but found [true],
	Link text is empty at index: 222 expected [false] but found [true],
	Link text is empty at index: 224 expected [false] but found [true],
	Link text is empty at index: 226 expected [false] but found [true],
	Link text is empty at index: 228 expected [false] but found [true],
	Link text is empty at index: 230 expected [false] but found [true],
	Link text is empty at index: 232 expected [false] but found [true],
	Link text is empty at index: 234 expected [false] but found [true],
	Link text is empty at index: 236 expected [false] but found [true],
	Link text is empty at index: 238 expected [false] but found [true],
	Link text is empty at index: 240 expected [false] but found [true],
	Link text is empty at index: 242 expected [false] but found [true],
	Link text is empty at index: 244 expected [false] but found [true],
	Link text is empty at index: 246 expected [false] but found [true],
	Link text is empty at index: 248 expected [false] but found [true],
	Link text is empty at index: 250 expected [false] but found [true],
	Link text is empty at index: 252 expected [false] but found [true],
	Link text is empty at index: 254 expected [false] but found [true],
	Link text is empty at index: 256 expected [false] but found [true],
	Link text is empty at index: 258 expected [false] but found [true],
	Link text is empty at index: 260 expected [false] but found [true],
	Link text is empty at index: 262 expected [false] but found [true],
	Link text is empty at index: 264 expected [false] but found [true],
	Link text is empty at index: 266 expected [false] but found [true],
	Link text is empty at index: 268 expected [false] but found [true],
	Link text is empty at index: 270 expected [false] but found [true],
	Link text is empty at index: 272 expected [false] but found [true],
	Link text is empty at index: 274 expected [false] but found [true],
	Link text is empty at index: 276 expected [false] but found [true],
	Link text is empty at index: 278 expected [false] but found [true],
	Link text is empty at index: 280 expected [false] but found [true],
	Link text is empty at index: 282 expected [false] but found [true],
	Link text is empty at index: 284 expected [false] but found [true],
	Link text is empty at index: 286 expected [false] but found [true],
	Link text is empty at index: 288 expected [false] but found [true],
	Link text is empty at index: 290 expected [false] but found [true],
	Link text is empty at index: 292 expected [false] but found [true],
	Link text is empty at index: 294 expected [false] but found [true],
	Link text is empty at index: 296 expected [false] but found [true],
	Link text is empty at index: 298 expected [false] but found [true],
	Link text is empty at index: 300 expected [false] but found [true],
	Link text is empty at index: 302 expected [false] but found [true],
	Link text is empty at index: 304 expected [false] but found [true],
	Link text is empty at index: 306 expected [false] but found [true],
	Link text is empty at index: 308 expected [false] but found [true],
	Link text is empty at index: 310 expected [false] but found [true],
	Link text is empty at index: 312 expected [false] but found [true],
	Link text is empty at index: 314 expected [false] but found [true],
	Link text is empty at index: 316 expected [false] but found [true],
	Link text is empty at index: 318 expected [false] but found [true],
	Link text is empty at index: 320 expected [false] but found [true],
	Link text is empty at index: 322 expected [false] but found [true],
	Link text is empty at index: 324 expected [false] but found [true],
	Link text is empty at index: 326 expected [false] but found [true],
	Link text is empty at index: 328 expected [false] but found [true],
	Link text is empty at index: 330 expected [false] but found [true],
	Link text is empty at index: 332 expected [false] but found [true],
	Link text is empty at index: 334 expected [false] but found [true],
	Link text is empty at index: 336 expected [false] but found [true],
	Link text is empty at index: 338 expected [false] but found [true],
	Link text is empty at index: 340 expected [false] but found [true],
	Link text is empty at index: 342 expected [false] but found [true],
	Link text is empty at index: 344 expected [false] but found [true],
	Link text is empty at index: 346 expected [false] but found [true],
	Link text is empty at index: 348 expected [false] but found [true],
	Link text is empty at index: 350 expected [false] but found [true],
	Link text is empty at index: 352 expected [false] but found [true],
	Link text is empty at index: 354 expected [false] but found [true],
	Link text is empty at index: 356 expected [false] but found [true],
	Link text is empty at index: 358 expected [false] but found [true],
	Link text is empty at index: 360 expected [false] but found [true],
	Link text is empty at index: 362 expected [false] but found [true],
	Link text is empty at index: 364 expected [false] but found [true],
	Link text is empty at index: 366 expected [false] but found [true],
	Link text is empty at index: 368 expected [false] but found [true],
	Link text is empty at index: 370 expected [false] but found [true],
	Link text is empty at index: 372 expected [false] but found [true],
	Link text is empty at index: 374 expected [false] but found [true],
	Link text is empty at index: 376 expected [false] but found [true],
	Link text is empty at index: 378 expected [false] but found [true],
	Link text is empty at index: 380 expected [false] but found [true],
	Link text is empty at index: 382 expected [false] but found [true],
	Link text is empty at index: 384 expected [false] but found [true],
	Link text is empty at index: 386 expected [false] but found [true],
	Link text is empty at index: 388 expected [false] but found [true],
	Link text is empty at index: 390 expected [false] but found [true],
	Link text is empty at index: 392 expected [false] but found [true],
	Link text is empty at index: 394 expected [false] but found [true],
	Link text is empty at index: 396 expected [false] but found [true],
	Link text is empty at index: 398 expected [false] but found [true],
	Link text is empty at index: 400 expected [false] but found [true],
	Link text is empty at index: 402 expected [false] but found [true],
	Link text is empty at index: 404 expected [false] but found [true],
	Link text is empty at index: 406 expected [false] but found [true],
	Link text is empty at index: 408 expected [false] but found [true],
	Link text is empty at index: 410 expected [false] but found [true],
	Link text is empty at index: 412 expected [false] but found [true],
	Link text is empty at index: 414 expected [false] but found [true],
	Link text is empty at index: 416 expected [false] but found [true],
	Link text is empty at index: 418 expected [false] but found [true],
	Link text is empty at index: 420 expected [false] but found [true],
	Link text is empty at index: 422 expected [false] but found [true],
	Link text is empty at index: 424 expected [false] but found [true],
	Link text is empty at index: 426 expected [false] but found [true],
	Link text is empty at index: 428 expected [false] but found [true],
	Link text is empty at index: 430 expected [false] but found [true],
	Link text is empty at index: 432 expected [false] but found [true],
	Link text is empty at index: 434 expected [false] but found [true],
	Link text is empty at index: 436 expected [false] but found [true],
	Link text is empty at index: 438 expected [false] but found [true],
	Link text is empty at index: 440 expected [false] but found [true],
	Link text is empty at index: 442 expected [false] but found [true],
	Link text is empty at index: 444 expected [false] but found [true],
	Link text is empty at index: 446 expected [false] but found [true],
	Link text is empty at index: 448 expected [false] but found [true],
	Link text is empty at index: 450 expected [false] but found [true],
	Link text is empty at index: 452 expected [false] but found [true],
	Link text is empty at index: 454 expected [false] but found [true],
	Link text is empty at index: 456 expected [false] but found [true],
	Link text is empty at index: 458 expected [false] but found [true],
	Link text is empty at index: 460 expected [false] but found [true],
	Link text is empty at index: 462 expected [false] but found [true],
	Link text is empty at index: 464 expected [false] but found [true],
	Link text is empty at index: 466 expected [false] but found [true],
	Link text is empty at index: 468 expected [false] but found [true],
	Link text is empty at index: 470 expected [false] but found [true],
	Link text is empty at index: 472 expected [false] but found [true],
	Link text is empty at index: 474 expected [false] but found [true],
	Link text is empty at index: 476 expected [false] but found [true],
	Link text is empty at index: 478 expected [false] but found [true],
	Link text is empty at index: 481 expected [false] but found [true],
	Link text is empty at index: 483 expected [false] but found [true],
	Link text is empty at index: 485 expected [false] but found [true],
	Link text is empty at index: 487 expected [false] but found [true],
	Link text is empty at index: 489 expected [false] but found [true],
	Link text is empty at index: 491 expected [false] but found [true],
	Link text is empty at index: 493 expected [false] but found [true],
	Link text is empty at index: 495 expected [false] but found [true],
	Link text is empty at index: 497 expected [false] but found [true],
	Link text is empty at index: 499 expected [false] but found [true],
	Link text is empty at index: 501 expected [false] but found [true],
	Link text is empty at index: 503 expected [false] but found [true],
	Link text is empty at index: 505 expected [false] but found [true],
	Link text is empty at index: 507 expected [false] but found [true],
	Link text is empty at index: 509 expected [false] but found [true],
	Link text is empty at index: 511 expected [false] but found [true],
	Link text is empty at index: 513 expected [false] but found [true],
	Link text is empty at index: 515 expected [false] but found [true],
	Link text is empty at index: 517 expected [false] but found [true],
	Link text is empty at index: 519 expected [false] but found [true],
	Link text is empty at index: 521 expected [false] but found [true],
	Link text is empty at index: 523 expected [false] but found [true],
	Link text is empty at index: 525 expected [false] but found [true],
	Link text is empty at index: 527 expected [false] but found [true],
	Link text is empty at index: 529 expected [false] but found [true],
	Link text is empty at index: 531 expected [false] but found [true],
	Link text is empty at index: 533 expected [false] but found [true],
	Link text is empty at index: 535 expected [false] but found [true],
	Link text is empty at index: 537 expected [false] but found [true],
	Link text is empty at index: 539 expected [false] but found [true],
	Link text is empty at index: 541 expected [false] but found [true],
	Link text is empty at index: 543 expected [false] but found [true],
	Link text is empty at index: 545 expected [false] but found [true],
	Link text is empty at index: 547 expected [false] but found [true],
	Link text is empty at index: 549 expected [false] but found [true],
	Link text is empty at index: 551 expected [false] but found [true],
	Link text is empty at index: 553 expected [false] but found [true],
	Link text is empty at index: 555 expected [false] but found [true],
	Link text is empty at index: 557 expected [false] but found [true],
	Link text is empty at index: 559 expected [false] but found [true],
	Link text is empty at index: 561 expected [false] but found [true],
	Link text is empty at index: 563 expected [false] but found [true],
	Link text is empty at index: 565 expected [false] but found [true],
	Link text is empty at index: 567 expected [false] but found [true],
	Link text is empty at index: 569 expected [false] but found [true],
	Link text is empty at index: 571 expected [false] but found [true],
	Link text is empty at index: 573 expected [false] but found [true],
	Link text is empty at index: 575 expected [false] but found [true],
	Link text is empty at index: 577 expected [false] but found [true],
	Link text is empty at index: 579 expected [false] but found [true],
	Link text is empty at index: 581 expected [false] but found [true],
	Link text is empty at index: 583 expected [false] but found [true],
	Link text is empty at index: 585 expected [false] but found [true],
	Link text is empty at index: 587 expected [false] but found [true],
	Link text is empty at index: 589 expected [false] but found [true],
	Link text is empty at index: 591 expected [false] but found [true],
	Link text is empty at index: 593 expected [false] but found [true],
	Link text is empty at index: 595 expected [false] but found [true],
	Link text is empty at index: 597 expected [false] but found [true],
	Link text is empty at index: 599 expected [false] but found [true],
	Link text is empty at index: 601 expected [false] but found [true],
	Link text is empty at index: 603 expected [false] but found [true],
	Link text is empty at index: 605 expected [false] but found [true],
	Link text is empty at index: 607 expected [false] but found [true],
	Link text is empty at index: 609 expected [false] but found [true],
	Link text is empty at index: 611 expected [false] but found [true],
	Link text is empty at index: 613 expected [false] but found [true],
	Link text is empty at index: 615 expected [false] but found [true],
	Link text is empty at index: 617 expected [false] but found [true],
	Link text is empty at index: 619 expected [false] but found [true],
	Link text is empty at index: 621 expected [false] but found [true],
	Link text is empty at index: 623 expected [false] but found [true],
	Link text is empty at index: 625 expected [false] but found [true],
	Link text is empty at index: 627 expected [false] but found [true],
	Link text is empty at index: 629 expected [false] but found [true],
	Link text is empty at index: 631 expected [false] but found [true],
	Link text is empty at index: 633 expected [false] but found [true],
	Link text is empty at index: 635 expected [false] but found [true],
	Link text is empty at index: 637 expected [false] but found [true],
	Link text is empty at index: 639 expected [false] but found [true],
	Link text is empty at index: 641 expected [false] but found [true],
	Link text is empty at index: 643 expected [false] but found [true],
	Link text is empty at index: 645 expected [false] but found [true],
	Link text is empty at index: 647 expected [false] but found [true],
	Link text is empty at index: 649 expected [false] but found [true],
	Link text is empty at index: 651 expected [false] but found [true],
	Link text is empty at index: 653 expected [false] but found [true],
	Link text is empty at index: 655 expected [false] but found [true],
	Link text is empty at index: 657 expected [false] but found [true],
	Link text is empty at index: 659 expected [false] but found [true],
	Link text is empty at index: 661 expected [false] but found [true],
	Link text is empty at index: 663 expected [false] but found [true],
	Link text is empty at index: 665 expected [false] but found [true],
	Link text is empty at index: 667 expected [false] but found [true],
	Link text is empty at index: 669 expected [false] but found [true],
	Link text is empty at index: 671 expected [false] but found [true],
	Link text is empty at index: 673 expected [false] but found [true],
	Link text is empty at index: 675 expected [false] but found [true],
	Link text is empty at index: 677 expected [false] but found [true],
	Link text is empty at index: 679 expected [false] but found [true],
	Link text is empty at index: 681 expected [false] but found [true],
	Link text is empty at index: 683 expected [false] but found [true],
	Link text is empty at index: 685 expected [false] but found [true],
	Link text is empty at index: 687 expected [false] but found [true],
	Link text is empty at index: 689 expected [false] but found [true],
	Link text is empty at index: 691 expected [false] but found [true],
	Link text is empty at index: 693 expected [false] but found [true],
	Link text is empty at index: 695 expected [false] but found [true],
	Link text is empty at index: 697 expected [false] but found [true],
	Link text is empty at index: 699 expected [false] but found [true],
	Link text is empty at index: 701 expected [false] but found [true],
	Link text is empty at index: 703 expected [false] but found [true],
	Link text is empty at index: 705 expected [false] but found [true],
	Link text is empty at index: 707 expected [false] but found [true],
	Link text is empty at index: 709 expected [false] but found [true],
	Link text is empty at index: 711 expected [false] but found [true],
	Link text is empty at index: 713 expected [false] but found [true],
	Link text is empty at index: 715 expected [false] but found [true],
	Link text is empty at index: 717 expected [false] but found [true],
	Link text is empty at index: 719 expected [false] but found [true],
	Link text is empty at index: 721 expected [false] but found [true],
	Link text is empty at index: 723 expected [false] but found [true],
	Link text is empty at index: 725 expected [false] but found [true],
	Link text is empty at index: 727 expected [false] but found [true],
	Link text is empty at index: 729 expected [false] but found [true],
	Link text is empty at index: 731 expected [false] but found [true],
	Link text is empty at index: 733 expected [false] but found [true],
	Link text is empty at index: 735 expected [false] but found [true],
	Link text is empty at index: 737 expected [false] but found [true],
	Link text is empty at index: 739 expected [false] but found [true],
	Link text is empty at index: 741 expected [false] but found [true],
	Link text is empty at index: 743 expected [false] but found [true],
	Link text is empty at index: 745 expected [false] but found [true],
	Link text is empty at index: 747 expected [false] but found [true],
	Link text is empty at index: 749 expected [false] but found [true],
	Link text is empty at index: 751 expected [false] but found [true],
	Link text is empty at index: 753 expected [false] but found [true],
	Link text is empty at index: 755 expected [false] but found [true],
	Link text is empty at index: 757 expected [false] but found [true],
	Link text is empty at index: 759 expected [false] but found [true],
	Link text is empty at index: 761 expected [false] but found [true],
	Link text is empty at index: 763 expected [false] but found [true],
	Link text is empty at index: 765 expected [false] but found [true],
	Link text is empty at index: 767 expected [false] but found [true],
	Link text is empty at index: 769 expected [false] but found [true],
	Link text is empty at index: 771 expected [false] but found [true],
	Link text is empty at index: 773 expected [false] but found [true],
	Link text is empty at index: 775 expected [false] but found [true],
	Link text is empty at index: 777 expected [false] but found [true],
	Link text is empty at index: 779 expected [false] but found [true],
	Link text is empty at index: 781 expected [false] but found [true],
	Link text is empty at index: 783 expected [false] but found [true],
	Link text is empty at index: 785 expected [false] but found [true],
	Link text is empty at index: 787 expected [false] but found [true],
	Link text is empty at index: 789 expected [false] but found [true],
	Link text is empty at index: 791 expected [false] but found [true],
	Link text is empty at index: 793 expected [false] but found [true],
	Link text is empty at index: 795 expected [false] but found [true],
	Link text is empty at index: 797 expected [false] but found [true],
	Link text is empty at index: 799 expected [false] but found [true],
	Link text is empty at index: 801 expected [false] but found [true],
	Link text is empty at index: 803 expected [false] but found [true],
	Link text is empty at index: 805 expected [false] but found [true],
	Link text is empty at index: 807 expected [false] but found [true],
	Link text is empty at index: 809 expected [false] but found [true],
	Link text is empty at index: 811 expected [false] but found [true],
	Link text is empty at index: 813 expected [false] but found [true],
	Link text is empty at index: 815 expected [false] but found [true],
	Link text is empty at index: 817 expected [false] but found [true],
	Link text is empty at index: 819 expected [false] but found [true],
	Link text is empty at index: 821 expected [false] but found [true],
	Link text is empty at index: 823 expected [false] but found [true],
	Link text is empty at index: 825 expected [false] but found [true],
	Link text is empty at index: 827 expected [false] but found [true],
	Link text is empty at index: 829 expected [false] but found [true],
	Link text is empty at index: 831 expected [false] but found [true],
	Link text is empty at index: 833 expected [false] but found [true],
	Link text is empty at index: 835 expected [false] but found [true],
	Link text is empty at index: 837 expected [false] but found [true],
	Link text is empty at index: 839 expected [false] but found [true],
	Link text is empty at index: 841 expected [false] but found [true],
	Link text is empty at index: 843 expected [false] but found [true],
	Link text is empty at index: 845 expected [false] but found [true],
	Link text is empty at index: 847 expected [false] but found [true],
	Link text is empty at index: 849 expected [false] but found [true],
	Link text is empty at index: 851 expected [false] but found [true],
	Link text is empty at index: 853 expected [false] but found [true],
	Link text is empty at index: 855 expected [false] but found [true],
	Link text is empty at index: 857 expected [false] but found [true],
	Link text is empty at index: 859 expected [false] but found [true],
	Link text is empty at index: 861 expected [false] but found [true],
	Link text is empty at index: 863 expected [false] but found [true],
	Link text is empty at index: 865 expected [false] but found [true],
	Link text is empty at index: 867 expected [false] but found [true],
	Link text is empty at index: 869 expected [false] but found [true],
	Link text is empty at index: 871 expected [false] but found [true],
	Link text is empty at index: 873 expected [false] but found [true],
	Link text is empty at index: 875 expected [false] but found [true],
	Link text is empty at index: 877 expected [false] but found [true],
	Link text is empty at index: 879 expected [false] but found [true],
	Link text is empty at index: 881 expected [false] but found [true],
	Link text is empty at index: 883 expected [false] but found [true],
	Link text is empty at index: 885 expected [false] but found [true],
	Link text is empty at index: 887 expected [false] but found [true],
	Link text is empty at index: 889 expected [false] but found [true],
	Link text is empty at index: 891 expected [false] but found [true],
	Link text is empty at index: 893 expected [false] but found [true],
	Link text is empty at index: 895 expected [false] but found [true],
	Link text is empty at index: 897 expected [false] but found [true],
	Link text is empty at index: 899 expected [false] but found [true],
	Link text is empty at index: 901 expected [false] but found [true],
	Link text is empty at index: 903 expected [false] but found [true],
	Link text is empty at index: 905 expected [false] but found [true],
	Link text is empty at index: 907 expected [false] but found [true],
	Link text is empty at index: 909 expected [false] but found [true],
	Link text is empty at index: 911 expected [false] but found [true],
	Link text is empty at index: 913 expected [false] but found [true],
	Link text is empty at index: 915 expected [false] but found [true],
	Link text is empty at index: 917 expected [false] but found [true],
	Link text is empty at index: 919 expected [false] but found [true],
	Link text is empty at index: 921 expected [false] but found [true],
	Link text is empty at index: 923 expected [false] but found [true],
	Link text is empty at index: 925 expected [false] but found [true],
	Link text is empty at index: 927 expected [false] but found [true],
	Link text is empty at index: 929 expected [false] but found [true],
	Link text is empty at index: 931 expected [false] but found [true],
	Link text is empty at index: 933 expected [false] but found [true],
	Link text is empty at index: 935 expected [false] but found [true],
	Link text is empty at index: 937 expected [false] but found [true],
	Link text is empty at index: 939 expected [false] but found [true],
	Link text is empty at index: 941 expected [false] but found [true],
	Link text is empty at index: 943 expected [false] but found [true],
	Link text is empty at index: 945 expected [false] but found [true],
	Link text is empty at index: 947 expected [false] but found [true],
	Link text is empty at index: 949 expected [false] but found [true],
	Link text is empty at index: 951 expected [false] but found [true],
	Link text is empty at index: 953 expected [false] but found [true],
	Link text is empty at index: 955 expected [false] but found [true],
	Link text is empty at index: 957 expected [false] but found [true],
	Link text is empty at index: 959 expected [false] but found [true],
	Link text is empty at index: 961 expected [false] but found [true],
	Link text is empty at index: 963 expected [false] but found [true],
	Link text is empty at index: 965 expected [false] but found [true],
	Link text is empty at index: 967 expected [false] but found [true],
	Link text is empty at index: 969 expected [false] but found [true],
	Link text is empty at index: 972 expected [false] but found [true],
	Link text is empty at index: 974 expected [false] but found [true],
	Link text is empty at index: 976 expected [false] but found [true],
	Link text is empty at index: 978 expected [false] but found [true],
	Link text is empty at index: 980 expected [false] but found [true],
	Link text is empty at index: 982 expected [false] but found [true],
	Link text is empty at index: 984 expected [false] but found [true],
	Link text is empty at index: 986 expected [false] but found [true],
	Link text is empty at index: 988 expected [false] but found [true],
	Link text is empty at index: 990 expected [false] but found [true],
	Link text is empty at index: 992 expected [false] but found [true],
	Link text is empty at index: 994 expected [false] but found [true],
	Link text is empty at index: 996 expected [false] but found [true],
	Link text is empty at index: 998 expected [false] but found [true],
	Link text is empty at index: 1000 expected [false] but found [true],
	Link text is empty at index: 1002 expected [false] but found [true],
	Link text is empty at index: 1004 expected [false] but found [true],
	Link text is empty at index: 1006 expected [false] but found [true],
	Link text is empty at index: 1008 expected [false] but found [true],
	Link text is empty at index: 1010 expected [false] but found [true],
	Link text is empty at index: 1012 expected [false] but found [true],
	Link text is empty at index: 1014 expected [false] but found [true],
	Link text is empty at index: 1016 expected [false] but found [true],
	Link text is empty at index: 1018 expected [false] but found [true],
	Link text is empty at index: 1020 expected [false] but found [true],
	Link text is empty at index: 1022 expected [false] but found [true],
	Link text is empty at index: 1024 expected [false] but found [true],
	Link text is empty at index: 1026 expected [false] but found [true],
	Link text is empty at index: 1028 expected [false] but found [true],
	Link text is empty at index: 1031 expected [false] but found [true],
	Link text is empty at index: 1033 expected [false] but found [true],
	Link text is empty at index: 1035 expected [false] but found [true],
	Link text is empty at index: 1037 expected [false] but found [true],
	Link text is empty at index: 1039 expected [false] but found [true],
	Link text is empty at index: 1041 expected [false] but found [true],
	Link text is empty at index: 1043 expected [false] but found [true],
	Link text is empty at index: 1046 expected [false] but found [true],
	Link text is empty at index: 1048 expected [false] but found [true],
	Link text is empty at index: 1050 expected [false] but found [true],
	Link text is empty at index: 1052 expected [false] but found [true],
	Link text is empty at index: 1054 expected [false] but found [true],
	Link text is empty at index: 1056 expected [false] but found [true],
	Link text is empty at index: 1058 expected [false] but found [true],
	Link text is empty at index: 1060 expected [false] but found [true],
	Link text is empty at index: 1062 expected [false] but found [true],
	Link text is empty at index: 1064 expected [false] but found [true],
	Link text is empty at index: 1066 expected [false] but found [true],
	Link text is empty at index: 1068 expected [false] but found [true],
	Link text is empty at index: 1070 expected [false] but found [true],
	Link text is empty at index: 1072 expected [false] but found [true],
	Link text is empty at index: 1074 expected [false] but found [true],
	Link text is empty at index: 1076 expected [false] but found [true],
	Link text is empty at index: 1078 expected [false] but found [true],
	Link text is empty at index: 1080 expected [false] but found [true],
	Link text is empty at index: 1082 expected [false] but found [true],
	Link text is empty at index: 1084 expected [false] but found [true],
	Link text is empty at index: 1086 expected [false] but found [true],
	Link text is empty at index: 1088 expected [false] but found [true],
	Link text is empty at index: 1090 expected [false] but found [true],
	Link text is empty at index: 1092 expected [false] but found [true],
	Link text is empty at index: 1094 expected [false] but found [true],
	Link text is empty at index: 1096 expected [false] but found [true],
	Link text is empty at index: 1098 expected [false] but found [true],
	Link text is empty at index: 1100 expected [false] but found [true],
	Link text is empty at index: 1102 expected [false] but found [true],
	Link text is empty at index: 1104 expected [false] but found [true],
	Link text is empty at index: 1106 expected [false] but found [true],
	Link text is empty at index: 1108 expected [false] but found [true],
	Link text is empty at index: 1110 expected [false] but found [true],
	Link text is empty at index: 1112 expected [false] but found [true],
	Link text is empty at index: 1115 expected [false] but found [true],
	Link text is empty at index: 1117 expected [false] but found [true],
	Link text is empty at index: 1119 expected [false] but found [true],
	Link text is empty at index: 1121 expected [false] but found [true],
	Link text is empty at index: 1123 expected [false] but found [true],
	Link text is empty at index: 1125 expected [false] but found [true],
	Link text is empty at index: 1127 expected [false] but found [true],
	Link text is empty at index: 1129 expected [false] but found [true],
	Link text is empty at index: 1131 expected [false] but found [true],
	Link text is empty at index: 1133 expected [false] but found [true],
	Link text is empty at index: 1135 expected [false] but found [true],
	Link text is empty at index: 1137 expected [false] but found [true],
	Link text is empty at index: 1139 expected [false] but found [true],
	Link text is empty at index: 1141 expected [false] but found [true],
	Link text is empty at index: 1143 expected [false] but found [true],
	Link text is empty at index: 1145 expected [false] but found [true],
	Link text is empty at index: 1147 expected [false] but found [true],
	Link text is empty at index: 1149 expected [false] but found [true],
	Link text is empty at index: 1151 expected [false] but found [true],
	Link text is empty at index: 1153 expected [false] but found [true],
	Link text is empty at index: 1155 expected [false] but found [true],
	Link text length is 0 or less:  expected [true] but found [false],
	Link text length is 0 or less:  expected [true] but found [false],
	Link text length is 0 or less:  expected [true] but found [false],
	Link text length is 0 or less:  expected [true] but found [false],
	Link text length is 0 or less:  expected [true] but found [false],
	Link text length is 0 or less:  expected [true] but found [false],
	Link text length is 0 or less:  expected [true] but found [false],
	Link text length is 0 or less:  expected [true] but found [false],
	Link text length is 0 or less:  expected [true] but found [false],
	Link text length is 0 or less:  expected [true] but found [false],
	Link text length is 0 or less:  expected [true] but found [false],
	Link text length is 0 or less:  expected [true] but found [false],
	Link text length is 0 or less:  expected [true] but found [false],
	Link text length is 0 or less:  expected [true] but found [false],
	Link text length is 0 or less:  expected [true] but found [false],
	Link text length is 0 or less:  expected [true] but found [false],
	Link text length is 0 or less:  expected [true] but found [false],
	Link text length is 0 or less:  expected [true] but found [false],
	Link text length is 0 or less:  expected [true] but found [false],
	Link text length is 0 or less:  expected [true] but found [false],
	Link text length is 0 or less:  expected [true] but found [false],
	Link text length is 0 or less:  expected [true] but found [false],
	Link text length is 0 or less:  expected [true] but found [false],
	Link text length is 0 or less:  expected [true] but found [false],
	Link text length is 0 or less:  expected [true] but found [false],
	Link text length is 0 or less:  expected [true] but found [false],
	Link text length is 0 or less:  expected [true] but found [false],
	Link text length is 0 or less:  expected [true] but found [false],
	Link text length is 0 or less:  expected [true] but found [false],
	Link text length is 0 or less:  expected [true] but found [false],
	Link text length is 0 or less:  expected [true] but found [false],
	Link text length is 0 or less:  expected [true] but found [false],
	Link text length is 0 or less:  expected [true] but found [false],
	Link text length is 0 or less:  expected [true] but found [false],
	Link text length is 0 or less:  expected [true] but found [false],
	Link text length is 0 or less:  expected [true] but found [false],
	Link text length is 0 or less:  expected [true] but found [false],
	Link text length is 0 or less:  expected [true] but found [false],
	Link text length is 0 or less:  expected [true] but found [false],
	Link text length is 0 or less:  expected [true] but found [false],
	Link text length is 0 or less:  expected [true] but found [false],
	Link text length is 0 or less:  expected [true] but found [false],
	Link text length is 0 or less:  expected [true] but found [false],
	Link text length is 0 or less:  expected [true] but found [false],
	Link text length is 0 or less:  expected [true] but found [false],
	Link text length is 0 or less:  expected [true] but found [false],
	Link text length is 0 or less:  expected [true] but found [false],
	Link text length is 0 or less:  expected [true] but found [false],
	Link text length is 0 or less:  expected [true] but found [false],
	Link text length is 0 or less:  expected [true] but found [false],
	Link text length is 0 or less:  expected [true] but found [false],
	Link text length is 0 or less:  expected [true] but found [false],
	Link text length is 0 or less:  expected [true] but found [false],
	Link text length is 0 or less:  expected [true] but found [false],
	Link text length is 0 or less:  expected [true] but found [false],
	Link text length is 0 or less:  expected [true] but found [false],
	Link text length is 0 or less:  expected [true] but found [false],
	Link text length is 0 or less:  expected [true] but found [false],
	Link text length is 0 or less:  expected [true] but found [false],
	Link text length is 0 or less:  expected [true] but found [false],
	Link text length is 0 or less:  expected [true] but found [false],
	Link text length is 0 or less:  expected [true] but found [false],
	Link text length is 0 or less:  expected [true] but found [false],
	Link text length is 0 or less:  expected [true] but found [false],
	Link text length is 0 or less:  expected [true] but found [false],
	Link text length is 0 or less:  expected [true] but found [false],
	Link text length is 0 or less:  expected [true] but found [false],
	Link text length is 0 or less:  expected [true] but found [false],
	Link text length is 0 or less:  expected [true] but found [false],
	Link text length is 0 or less:  expected [true] but found [false],
	Link text length is 0 or less:  expected [true] but found [false],
	Link text length is 0 or less:  expected [true] but found [false],
	Link text length is 0 or less:  expected [true] but found [false],
	Link text length is 0 or less:  expected [true] but found [false],
	Link text length is 0 or less:  expected [true] but found [false],
	Link text length is 0 or less:  expected [true] but found [false],
	Link text length is 0 or less:  expected [true] but found [false],
	Link text length is 0 or less:  expected [true] but found [false],
	Link text length is 0 or less:  expected [true] but found [false],
	Link text length is 0 or less:  expected [true] but found [false],
	Link text length is 0 or less:  expected [true] but found [false],
	Link text length is 0 or less:  expected [true] but found [false],
	Link text length is 0 or less:  expected [true] but found [false],
	Link text length is 0 or less:  expected [true] but found [false],
	Link text length is 0 or less:  expected [true] but found [false],
	Link text length is 0 or less:  expected [true] but found [false],
	Link text length is 0 or less:  expected [true] but found [false],
	Link text length is 0 or less:  expected [true] but found [false],
	Link text length is 0 or less:  expected [true] but found [false],
	Link text length is 0 or less:  expected [true] but found [false],
	Link text length is 0 or less:  expected [true] but found [false],
	Link text length is 0 or less:  expected [true] but found [false],
	Link text length is 0 or less:  expected [true] but found [false],
	Link text length is 0 or less:  expected [true] but found [false],
	Link text length is 0 or less:  expected [true] but found [false],
	Link text length is 0 or less:  expected [true] but found [false],
	Link text length is 0 or less:  expected [true] but found [false],
	Link text length is 0 or less:  expected [true] but found [false],
	Link text length is 0 or less:  expected [true] but found [false],
	Link text length is 0 or less:  expected [true] but found [false],
	Link text length is 0 or less:  expected [true] but found [false],
	Link text length is 0 or less:  expected [true] but found [false],
	Link text length is 0 or less:  expected [true] but found [false],
	Link text length is 0 or less:  expected [true] but found [false],
	Link text length is 0 or less:  expected [true] but found [false],
	Link text length is 0 or less:  expected [true] but found [false],
	Link text length is 0 or less:  expected [true] but found [false],
	Link text length is 0 or less:  expected [true] but found [false],
	Link text length is 0 or less:  expected [true] but found [false],
	Link text length is 0 or less:  expected [true] but found [false],
	Link text length is 0 or less:  expected [true] but found [false],
	Link text length is 0 or less:  expected [true] but found [false],
	Link text length is 0 or less:  expected [true] but found [false],
	Link text length is 0 or less:  expected [true] but found [false],
	Link text length is 0 or less:  expected [true] but found [false],
	Link text length is 0 or less:  expected [true] but found [false],
	Link text length is 0 or less:  expected [true] but found [false],
	Link text length is 0 or less:  expected [true] but found [false],
	Link text length is 0 or less:  expected [true] but found [false],
	Link text length is 0 or less:  expected [true] but found [false],
	Link text length is 0 or less:  expected [true] but found [false],
	Link text length is 0 or less:  expected [true] but found [false],
	Link text length is 0 or less:  expected [true] but found [false],
	Link text length is 0 or less:  expected [true] but found [false],
	Link text length is 0 or less:  expected [true] but found [false],
	Link text length is 0 or less:  expected [true] but found [false],
	Link text length is 0 or less:  expected [true] but found [false],
	Link text length is 0 or less:  expected [true] but found [false],
	Link text length is 0 or less:  expected [true] but found [false],
	Link text length is 0 or less:  expected [true] but found [false],
	Link text length is 0 or less:  expected [true] but found [false],
	Link text length is 0 or less:  expected [true] but found [false],
	Link text length is 0 or less:  expected [true] but found [false],
	Link text length is 0 or less:  expected [true] but found [false],
	Link text length is 0 or less:  expected [true] but found [false],
	Link text length is 0 or less:  expected [true] but found [false],
	Link text length is 0 or less:  expected [true] but found [false],
	Link text length is 0 or less:  expected [true] but found [false],
	Link text length is 0 or less:  expected [true] but found [false],
	Link text length is 0 or less:  expected [true] but found [false],
	Link text length is 0 or less:  expected [true] but found [false],
	Link text length is 0 or less:  expected [true] but found [false],
	Link text length is 0 or less:  expected [true] but found [false],
	Link text length is 0 or less:  expected [true] but found [false],
	Link text length is 0 or less:  expected [true] but found [false],
	Link text length is 0 or less:  expected [true] but found [false],
	Link text length is 0 or less:  expected [true] but found [false],
	Link text length is 0 or less:  expected [true] but found [false],
	Link text length is 0 or less:  expected [true] but found [false],
	Link text length is 0 or less:  expected [true] but found [false],
	Link text length is 0 or less:  expected [true] but found [false],
	Link text length is 0 or less:  expected [true] but found [false],
	Link text length is 0 or less:  expected [true] but found [false],
	Link text length is 0 or less:  expected [true] but found [false],
	Link text length is 0 or less:  expected [true] but found [false],
	Link text length is 0 or less:  expected [true] but found [false],
	Link text length is 0 or less:  expected [true] but found [false],
	Link text length is 0 or less:  expected [true] but found [false],
	Link text length is 0 or less:  expected [true] but found [false],
	Link text length is 0 or less:  expected [true] but found [false],
	Link text length is 0 or less:  expected [true] but found [false],
	Link text length is 0 or less:  expected [true] but found [false],
	Link text length is 0 or less:  expected [true] but found [false],
	Link text length is 0 or less:  expected [true] but found [false],
	Link text length is 0 or less:  expected [true] but found [false],
	Link text length is 0 or less:  expected [true] but found [false],
	Link text length is 0 or less:  expected [true] but found [false],
	Link text length is 0 or less:  expected [true] but found [false],
	Link text length is 0 or less:  expected [true] but found [false],
	Link text length is 0 or less:  expected [true] but found [false],
	Link text length is 0 or less:  expected [true] but found [false],
	Link text length is 0 or less:  expected [true] but found [false],
	Link text length is 0 or less:  expected [true] but found [false],
	Link text length is 0 or less:  expected [true] but found [false],
	Link text length is 0 or less:  expected [true] but found [false],
	Link text length is 0 or less:  expected [true] but found [false],
	Link text length is 0 or less:  expected [true] but found [false],
	Link text length is 0 or less:  expected [true] but found [false],
	Link text length is 0 or less:  expected [true] but found [false],
	Link text length is 0 or less:  expected [true] but found [false],
	Link text length is 0 or less:  expected [true] but found [false],
	Link text length is 0 or less:  expected [true] but found [false],
	Link text length is 0 or less:  expected [true] but found [false],
	Link text length is 0 or less:  expected [true] but found [false],
	Link text length is 0 or less:  expected [true] but found [false],
	Link text length is 0 or less:  expected [true] but found [false],
	Link text length is 0 or less:  expected [true] but found [false],
	Link text length is 0 or less:  expected [true] but found [false],
	Link text length is 0 or less:  expected [true] but found [false],
	Link text length is 0 or less:  expected [true] but found [false],
	Link text length is 0 or less:  expected [true] but found [false],
	Link text length is 0 or less:  expected [true] but found [false],
	Link text length is 0 or less:  expected [true] but found [false],
	Link text length is 0 or less:  expected [true] but found [false],
	Link text length is 0 or less:  expected [true] but found [false],
	Link text length is 0 or less:  expected [true] but found [false],
	Link text length is 0 or less:  expected [true] but found [false],
	Link text length is 0 or less:  expected [true] but found [false],
	Link text length is 0 or less:  expected [true] but found [false],
	Link text length is 0 or less:  expected [true] but found [false],
	Link text length is 0 or less:  expected [true] but found [false],
	Link text length is 0 or less:  expected [true] but found [false],
	Link text length is 0 or less:  expected [true] but found [false],
	Link text length is 0 or less:  expected [true] but found [false],
	Link text length is 0 or less:  expected [true] but found [false],
	Link text length is 0 or less:  expected [true] but found [false],
	Link text length is 0 or less:  expected [true] but found [false],
	Link text length is 0 or less:  expected [true] but found [false],
	Link text length is 0 or less:  expected [true] but found [false],
	Link text length is 0 or less:  expected [true] but found [false],
	Link text length is 0 or less:  expected [true] but found [false],
	Link text length is 0 or less:  expected [true] but found [false],
	Link text length is 0 or less:  expected [true] but found [false],
	Link text length is 0 or less:  expected [true] but found [false],
	Link text length is 0 or less:  expected [true] but found [false],
	Link text length is 0 or less:  expected [true] but found [false],
	Link text length is 0 or less:  expected [true] but found [false],
	Link text length is 0 or less:  expected [true] but found [false],
	Link text length is 0 or less:  expected [true] but found [false],
	Link text length is 0 or less:  expected [true] but found [false],
	Link text length is 0 or less:  expected [true] but found [false],
	Link text length is 0 or less:  expected [true] but found [false],
	Link text length is 0 or less:  expected [true] but found [false],
	Link text length is 0 or less:  expected [true] but found [false],
	Link text length is 0 or less:  expected [true] but found [false],
	Link text length is 0 or less:  expected [true] but found [false],
	Link text length is 0 or less:  expected [true] but found [false],
	Link text length is 0 or less:  expected [true] but found [false],
	Link text length is 0 or less:  expected [true] but found [false],
	Link text length is 0 or less:  expected [true] but found [false],
	Link text length is 0 or less:  expected [true] but found [false],
	Link text length is 0 or less:  expected [true] but found [false],
	Link text length is 0 or less:  expected [true] but found [false],
	Link text length is 0 or less:  expected [true] but found [false],
	Link text length is 0 or less:  expected [true] but found [false],
	Link text length is 0 or less:  expected [true] but found [false],
	Link text length is 0 or less:  expected [true] but found [false],
	Link text length is 0 or less:  expected [true] but found [false],
	Link text length is 0 or less:  expected [true] but found [false],
	Link text length is 0 or less:  expected [true] but found [false],
	Link text length is 0 or less:  expected [true] but found [false],
	Link text length is 0 or less:  expected [true] but found [false],
	Link text length is 0 or less:  expected [true] but found [false],
	Link text length is 0 or less:  expected [true] but found [false],
	Link text length is 0 or less:  expected [true] but found [false],
	Link text length is 0 or less:  expected [true] but found [false],
	Link text length is 0 or less:  expected [true] but found [false],
	Link text length is 0 or less:  expected [true] but found [false],
	Link text length is 0 or less:  expected [true] but found [false],
	Link text length is 0 or less:  expected [true] but found [false],
	Link text length is 0 or less:  expected [true] but found [false],
	Link text length is 0 or less:  expected [true] but found [false],
	Link text length is 0 or less:  expected [true] but found [false],
	Link text length is 0 or less:  expected [true] but found [false],
	Link text length is 0 or less:  expected [true] but found [false],
	Link text length is 0 or less:  expected [true] but found [false],
	Link text length is 0 or less:  expected [true] but found [false],
	Link text length is 0 or less:  expected [true] but found [false],
	Link text length is 0 or less:  expected [true] but found [false],
	Link text length is 0 or less:  expected [true] but found [false],
	Link text length is 0 or less:  expected [true] but found [false],
	Link text length is 0 or less:  expected [true] but found [false],
	Link text length is 0 or less:  expected [true] but found [false],
	Link text length is 0 or less:  expected [true] but found [false],
	Link text length is 0 or less:  expected [true] but found [false],
	Link text length is 0 or less:  expected [true] but found [false],
	Link text length is 0 or less:  expected [true] but found [false],
	Link text length is 0 or less:  expected [true] but found [false],
	Link text length is 0 or less:  expected [true] but found [false],
	Link text length is 0 or less:  expected [true] but found [false],
	Link text length is 0 or less:  expected [true] but found [false],
	Link text length is 0 or less:  expected [true] but found [false],
	Link text length is 0 or less:  expected [true] but found [false],
	Link text length is 0 or less:  expected [true] but found [false],
	Link text length is 0 or less:  expected [true] but found [false],
	Link text length is 0 or less:  expected [true] but found [false],
	Link text length is 0 or less:  expected [true] but found [false],
	Link text length is 0 or less:  expected [true] but found [false],
	Link text length is 0 or less:  expected [true] but found [false],
	Link text length is 0 or less:  expected [true] but found [false],
	Link text length is 0 or less:  expected [true] but found [false],
	Link text length is 0 or less:  expected [true] but found [false],
	Link text length is 0 or less:  expected [true] but found [false],
	Link text length is 0 or less:  expected [true] but found [false],
	Link text length is 0 or less:  expected [true] but found [false],
	Link text length is 0 or less:  expected [true] but found [false],
	Link text length is 0 or less:  expected [true] but found [false],
	Link text length is 0 or less:  expected [true] but found [false],
	Link text length is 0 or less:  expected [true] but found [false],
	Link text length is 0 or less:  expected [true] but found [false],
	Link text length is 0 or less:  expected [true] but found [false],
	Link text length is 0 or less:  expected [true] but found [false],
	Link text length is 0 or less:  expected [true] but found [false],
	Link text length is 0 or less:  expected [true] but found [false],
	Link text length is 0 or less:  expected [true] but found [false],
	Link text length is 0 or less:  expected [true] but found [false],
	Link text length is 0 or less:  expected [true] but found [false],
	Link text length is 0 or less:  expected [true] but found [false],
	Link text length is 0 or less:  expected [true] but found [false],
	Link text length is 0 or less:  expected [true] but found [false],
	Link text length is 0 or less:  expected [true] but found [false],
	Link text length is 0 or less:  expected [true] but found [false],
	Link text length is 0 or less:  expected [true] but found [false],
	Link text length is 0 or less:  expected [true] but found [false],
	Link text length is 0 or less:  expected [true] but found [false],
	Link text length is 0 or less:  expected [true] but found [false],
	Link text length is 0 or less:  expected [true] but found [false],
	Link text length is 0 or less:  expected [true] but found [false],
	Link text length is 0 or less:  expected [true] but found [false],
	Link text length is 0 or less:  expected [true] but found [false],
	Link text length is 0 or less:  expected [true] but found [false],
	Link text length is 0 or less:  expected [true] but found [false],
	Link text length is 0 or less:  expected [true] but found [false],
	Link text length is 0 or less:  expected [true] but found [false],
	Link text length is 0 or less:  expected [true] but found [false],
	Link text length is 0 or less:  expected [true] but found [false],
	Link text length is 0 or less:  expected [true] but found [false],
	Link text length is 0 or less:  expected [true] but found [false],
	Link text length is 0 or less:  expected [true] but found [false],
	Link text length is 0 or less:  expected [true] but found [false],
	Link text length is 0 or less:  expected [true] but found [false],
	Link text length is 0 or less:  expected [true] but found [false],
	Link text length is 0 or less:  expected [true] but found [false],
	Link text length is 0 or less:  expected [true] but found [false],
	Link text length is 0 or less:  expected [true] but found [false],
	Link text length is 0 or less:  expected [true] but found [false],
	Link text length is 0 or less:  expected [true] but found [false],
	Link text length is 0 or less:  expected [true] but found [false],
	Link text length is 0 or less:  expected [true] but found [false],
	Link text length is 0 or less:  expected [true] but found [false],
	Link text length is 0 or less:  expected [true] but found [false],
	Link text length is 0 or less:  expected [true] but found [false],
	Link text length is 0 or less:  expected [true] but found [false],
	Link text length is 0 or less:  expected [true] but found [false],
	Link text length is 0 or less:  expected [true] but found [false],
	Link text length is 0 or less:  expected [true] but found [false],
	Link text length is 0 or less:  expected [true] but found [false],
	Link text length is 0 or less:  expected [true] but found [false],
	Link text length is 0 or less:  expected [true] but found [false],
	Link text length is 0 or less:  expected [true] but found [false],
	Link text length is 0 or less:  expected [true] but found [false],
	Link text length is 0 or less:  expected [true] but found [false],
	Link text length is 0 or less:  expected [true] but found [false],
	Link text length is 0 or less:  expected [true] but found [false],
	Link text length is 0 or less:  expected [true] but found [false],
	Link text length is 0 or less:  expected [true] but found [false],
	Link text length is 0 or less:  expected [true] but found [false],
	Link text length is 0 or less:  expected [true] but found [false],
	Link text length is 0 or less:  expected [true] but found [false],
	Link text length is 0 or less:  expected [true] but found [false],
	Link text length is 0 or less:  expected [true] but found [false],
	Link text length is 0 or less:  expected [true] but found [false],
	Link text length is 0 or less:  expected [true] but found [false],
	Link text length is 0 or less:  expected [true] but found [false],
	Link text length is 0 or less:  expected [true] but found [false],
	Link text length is 0 or less:  expected [true] but found [false],
	Link text length is 0 or less:  expected [true] but found [false],
	Link text length is 0 or less:  expected [true] but found [false],
	Link text length is 0 or less:  expected [true] but found [false],
	Link text length is 0 or less:  expected [true] but found [false],
	Link text length is 0 or less:  expected [true] but found [false],
	Link text length is 0 or less:  expected [true] but found [false],
	Link text length is 0 or less:  expected [true] but found [false],
	Link text length is 0 or less:  expected [true] but found [false],
	Link text length is 0 or less:  expected [true] but found [false],
	Link text length is 0 or less:  expected [true] but found [false],
	Link text length is 0 or less:  expected [true] but found [false],
	Link text length is 0 or less:  expected [true] but found [false],
	Link text length is 0 or less:  expected [true] but found [false],
	Link text length is 0 or less:  expected [true] but found [false],
	Link text length is 0 or less:  expected [true] but found [false],
	Link text length is 0 or less:  expected [true] but found [false],
	Link text length is 0 or less:  expected [true] but found [false],
	Link text length is 0 or less:  expected [true] but found [false],
	Link text length is 0 or less:  expected [true] but found [false],
	Link text length is 0 or less:  expected [true] but found [false],
	Link text length is 0 or less:  expected [true] but found [false],
	Link text length is 0 or less:  expected [true] but found [false],
	Link text length is 0 or less:  expected [true] but found [false],
	Link text length is 0 or less:  expected [true] but found [false],
	Link text length is 0 or less:  expected [true] but found [false],
	Link text length is 0 or less:  expected [true] but found [false],
	Link text length is 0 or less:  expected [true] but found [false],
	Link text length is 0 or less:  expected [true] but found [false],
	Link text length is 0 or less:  expected [true] but found [false],
	Link text length is 0 or less:  expected [true] but found [false],
	Link text length is 0 or less:  expected [true] but found [false],
	Link text length is 0 or less:  expected [true] but found [false],
	Link text length is 0 or less:  expected [true] but found [false],
	Link text length is 0 or less:  expected [true] but found [false],
	Link text length is 0 or less:  expected [true] but found [false],
	Link text length is 0 or less:  expected [true] but found [false],
	Link text length is 0 or less:  expected [true] but found [false],
	Link text length is 0 or less:  expected [true] but found [false],
	Link text length is 0 or less:  expected [true] but found [false],
	Link text length is 0 or less:  expected [true] but found [false],
	Link text length is 0 or less:  expected [true] but found [false],
	Link text length is 0 or less:  expected [true] but found [false],
	Link text length is 0 or less:  expected [true] but found [false],
	Link text length is 0 or less:  expected [true] but found [false],
	Link text length is 0 or less:  expected [true] but found [false],
	Link text length is 0 or less:  expected [true] but found [false],
	Link text length is 0 or less:  expected [true] but found [false],
	Link text length is 0 or less:  expected [true] but found [false],
	Link text length is 0 or less:  expected [true] but found [false],
	Link text length is 0 or less:  expected [true] but found [false],
	Link text length is 0 or less:  expected [true] but found [false],
	Link text length is 0 or less:  expected [true] but found [false],
	Link text length is 0 or less:  expected [true] but found [false],
	Link text length is 0 or less:  expected [true] but found [false],
	Link text length is 0 or less:  expected [true] but found [false],
	Link text length is 0 or less:  expected [true] but found [false],
	Link text length is 0 or less:  expected [true] but found [false],
	Link text length is 0 or less:  expected [true] but found [false],
	Link text length is 0 or less:  expected [true] but found [false],
	Link text length is 0 or less:  expected [true] but found [false],
	Link text length is 0 or less:  expected [true] but found [false],
	Link text length is 0 or less:  expected [true] but found [false],
	Link text length is 0 or less:  expected [true] but found [false],
	Link text length is 0 or less:  expected [true] but found [false],
	Link text length is 0 or less:  expected [true] but found [false],
	Link text length is 0 or less:  expected [true] but found [false],
	Link text length is 0 or less:  expected [true] but found [false],
	Link text length is 0 or less:  expected [true] but found [false],
	Link text length is 0 or less:  expected [true] but found [false],
	Link text length is 0 or less:  expected [true] but found [false],
	Link text length is 0 or less:  expected [true] but found [false],
	Link text length is 0 or less:  expected [true] but found [false],
	Link text length is 0 or less:  expected [true] but found [false],
	Link text length is 0 or less:  expected [true] but found [false],
	Link text length is 0 or less:  expected [true] but found [false],
	Link text length is 0 or less:  expected [true] but found [false],
	Link text length is 0 or less:  expected [true] but found [false],
	Link text length is 0 or less:  expected [true] but found [false],
	Link text length is 0 or less:  expected [true] but found [false],
	Link text length is 0 or less:  expected [true] but found [false],
	Link text length is 0 or less:  expected [true] but found [false],
	Link text length is 0 or less:  expected [true] but found [false],
	Link text length is 0 or less:  expected [true] but found [false],
	Link text length is 0 or less:  expected [true] but found [false],
	Link text length is 0 or less:  expected [true] but found [false],
	Link text length is 0 or less:  expected [true] but found [false],
	Link text length is 0 or less:  expected [true] but found [false],
	Link text length is 0 or less:  expected [true] but found [false],
	Link text length is 0 or less:  expected [true] but found [false],
	Link text length is 0 or less:  expected [true] but found [false],
	Link text length is 0 or less:  expected [true] but found [false],
	Link text length is 0 or less:  expected [true] but found [false],
	Link text length is 0 or less:  expected [true] but found [false],
	Link text length is 0 or less:  expected [true] but found [false],
	Link text length is 0 or less:  expected [true] but found [false],
	Link text length is 0 or less:  expected [true] but found [false],
	Link text length is 0 or less:  expected [true] but found [false],
	Link text length is 0 or less:  expected [true] but found [false],
	Link text length is 0 or less:  expected [true] but found [false],
	Link text length is 0 or less:  expected [true] but found [false],
	Link text length is 0 or less:  expected [true] but found [false],
	Link text length is 0 or less:  expected [true] but found [false],
	Link text length is 0 or less:  expected [true] but found [false],
	Link text length is 0 or less:  expected [true] but found [false],
	Link text length is 0 or less:  expected [true] but found [false],
	Link text length is 0 or less:  expected [true] but found [false],
	Link text length is 0 or less:  expected [true] but found [false],
	Link text length is 0 or less:  expected [true] but found [false],
	Link text length is 0 or less:  expected [true] but found [false],
	Link text length is 0 or less:  expected [true] but found [false],
	Link text length is 0 or less:  expected [true] but found [false],
	Link text length is 0 or less:  expected [true] but found [false],
	Link text length is 0 or less:  expected [true] but found [false],
	Link text length is 0 or less:  expected [true] but found [false],
	Link text length is 0 or less:  expected [true] but found [false],
	Link text length is 0 or less:  expected [true] but found [false],
	Link text length is 0 or less:  expected [true] but found [false],
	Link text length is 0 or less:  expected [true] but found [false],
	Link text length is 0 or less:  expected [true] but found [false],
	Link text length is 0 or less:  expected [true] but found [false],
	Link text length is 0 or less:  expected [true] but found [false],
	Link text length is 0 or less:  expected [true] but found [false],
	Link text length is 0 or less:  expected [true] but found [false],
	Link text length is 0 or less:  expected [true] but found [false],
	Link text length is 0 or less:  expected [true] but found [false],
	Link text length is 0 or less:  expected [true] but found [false],
	Link text length is 0 or less:  expected [true] but found [false],
	Link text length is 0 or less:  expected [true] but found [false],
	Link text length is 0 or less:  expected [true] but found [false],
	Link text length is 0 or less:  expected [true] but found [false],
	Link text length is 0 or less:  expected [true] but found [false],
	Link text length is 0 or less:  expected [true] but found [false],
	Link text length is 0 or less:  expected [true] but found [false],
	Link text length is 0 or less:  expected [true] but found [false],
	Link text length is 0 or less:  expected [true] but found [false],
	Link text length is 0 or less:  expected [true] but found [false],
	Link text length is 0 or less:  expected [true] but found [false],
	Link text length is 0 or less:  expected [true] but found [false],
	Link text length is 0 or less:  expected [true] but found [false],
	Link text length is 0 or less:  expected [true] but found [false],
	Link text length is 0 or less:  expected [true] but found [false],
	Link text length is 0 or less:  expected [true] but found [false],
	Link text length is 0 or less:  expected [true] but found [false],
	Link text length is 0 or less:  expected [true] but found [false],
	Link text length is 0 or less:  expected [true] but found [false],
	Link text length is 0 or less:  expected [true] but found [false],
	Link text length is 0 or less:  expected [true] but found [false],
	Link text length is 0 or less:  expected [true] but found [false],
	Link text length is 0 or less:  expected [true] but found [false],
	Link text length is 0 or less:  expected [true] but found [false],
	Link text length is 0 or less:  expected [true] but found [false],
	Link text length is 0 or less:  expected [true] but found [false],
	Link text length is 0 or less:  expected [true] but found [false],
	Link text length is 0 or less:  expected [true] but found [false],
	Link text length is 0 or less:  expected [true] but found [false],
	Link text length is 0 or less:  expected [true] but found [false],
	Link text length is 0 or less:  expected [true] but found [false],
	Link text length is 0 or less:  expected [true] but found [false],
	Link text length is 0 or less:  expected [true] but found [false],
	Link text length is 0 or less:  expected [true] but found [false],
	Link text length is 0 or less:  expected [true] but found [false],
	Link text length is 0 or less:  expected [true] but found [false],
	Link text length is 0 or less:  expected [true] but found [false],
	Link text length is 0 or less:  expected [true] but found [false],
	Link text length is 0 or less:  expected [true] but found [false],
	Link text length is 0 or less:  expected [true] but found [false],
	Link text length is 0 or less:  expected [true] but found [false],
	Link text length is 0 or less:  expected [true] but found [false],
	Link text length is 0 or less:  expected [true] but found [false],
	Link text length is 0 or less:  expected [true] but found [false],
	Link text length is 0 or less:  expected [true] but found [false],
	Link text length is 0 or less:  expected [true] but found [false],
	Link text length is 0 or less:  expected [true] but found [false],
	Link text length is 0 or less:  expected [true] but found [false],
	Link text length is 0 or less:  expected [true] but found [false],
	Link text length is 0 or less:  expected [true] but found [false],
	Link text length is 0 or less:  expected [true] but found [false],
	Link text length is 0 or less:  expected [true] but found [false],
	Link text length is 0 or less:  expected [true] but found [false],
	Link text length is 0 or less:  expected [true] but found [false],
	Link text length is 0 or less:  expected [true] but found [false],
	Link text length is 0 or less:  expected [true] but found [false],
	Link text length is 0 or less:  expected [true] but found [false],
	Link text length is 0 or less:  expected [true] but found [false],
	Link text length is 0 or less:  expected [true] but found [false],
	Link text length is 0 or less:  expected [true] but found [false],
	Link text length is 0 or less:  expected [true] but found [false],
	Link text length is 0 or less:  expected [true] but found [false],
	Link text length is 0 or less:  expected [true] but found [false],
	Link text length is 0 or less:  expected [true] but found [false],
	Link text length is 0 or less:  expected [true] but found [false],
	Link text length is 0 or less:  expected [true] but found [false],
	Link text length is 0 or less:  expected [true] but found [false],
	Link text length is 0 or less:  expected [true] but found [false],
	Link text length is 0 or less:  expected [true] but found [false],
	Link text length is 0 or less:  expected [true] but found [false],
	Link text length is 0 or less:  expected [true] but found [false],
	Link text length is 0 or less:  expected [true] but found [false],
	Link text length is 0 or less:  expected [true] but found [false],
	Link text length is 0 or less:  expected [true] but found [false],
	Link text length is 0 or less:  expected [true] but found [false],
	Link text length is 0 or less:  expected [true] but found [false],
	Link text length is 0 or less:  expected [true] but found [false],
	Link text length is 0 or less:  expected [true] but found [false],
	Link text length is 0 or less:  expected [true] but found [false],
	Link text length is 0 or less:  expected [true] but found [false],
	Link text length is 0 or less:  expected [true] but found [false],
	Link text length is 0 or less:  expected [true] but found [false],
	Link text length is 0 or less:  expected [true] but found [false],
	Link text length is 0 or less:  expected [true] but found [false],
	Link text length is 0 or less:  expected [true] but found [false],
	Link text length is 0 or less:  expected [true] but found [false],
	Link text length is 0 or less:  expected [true] but found [false],
	Link text length is 0 or less:  expected [true] but found [false],
	Link text length is 0 or less:  expected [true] but found [false],
	Link text length is 0 or less:  expected [true] but found [false],
	Link text length is 0 or less:  expected [true] but found [false],
	Link text length is 0 or less:  expected [true] but found [false],
	Link text length is 0 or less:  expected [true] but found [false]">
      <![CDATA[java.lang.AssertionError: The following asserts failed:
Link text is empty at index: 1 expected [false] but found [true],
Link text is empty at index: 3 expected [false] but found [true],
Link text is empty at index: 5 expected [false] but found [true],
Link text is empty at index: 7 expected [false] but found [true],
Link text is empty at index: 9 expected [false] but found [true],
Link text is empty at index: 11 expected [false] but found [true],
[...]
Link text length is 0 or less:  expected [true] but found [false],
Link text length is 0 or less:  expected [true] but found [false],
Link text length is 0 or less:  expected [true] but found [false],
Link text length is 0 or less:  expected [true] but found [false],
Link text length is 0 or less:  expected [true] but found [false],
Link text length is 0 or less:  expected [true] but found [false],
Link text length is 0 or less:  expected [true] but found [false],
Link text length is 0 or less:  expected [true] but found [false],
Link text length is 0 or less:  expected [true] but found [false],
Link text length is 0 or less:  expected [true] but found [false],
Link text length is 0 or less:  expected [true] but found [false],
Link text length is 0 or less:  expected [true] but found [false],
Link text length is 0 or less:  expected [true] but found [false],
Link text length is 0 or less:  expected [true] but found [false],
Link text length is 0 or less:  expected [true] but found [false],
Link text length is 0 or less:  expected [true] but found [false],
Link text length is 0 or less:  expected [true] but found [false],
Link text length is 0 or less:  expected [true] but found [false],
Link text length is 0 or less:  expected [true] but found [false],
Link text length is 0 or less:  expected [true] but found [false],
Link text length is 0 or less:  expected [true] but found [false],
Link text length is 0 or less:  expected [true] but found [false],
Link text length is 0 or less:  expected [true] but found [false],
Link text length is 0 or less:  expected [true] but found [false],
Link text length is 0 or less:  expected [true] but found [false],
Link text length is 0 or less:  expected [true] but found [false],
Link text length is 0 or less:  expected [true] but found [false],
Link text length is 0 or less:  expected [true] but found [false],
Link text length is 0 or less:  expected [true] but found [false],
Link text length is 0 or less:  expected [true] but found [false],
Link text length is 0 or less:  expected [true] but found [false],
Link text length is 0 or less:  expected [true] but found [false],
Link text length is 0 or less:  expected [true] but found [false],
Link text length is 0 or less:  expected [true] but found [false],
Link text length is 0 or less:  expected [true] but found [false],
Link text length is 0 or less:  expected [true] but found [false],
Link text length is 0 or less:  expected [true] but found [false],
Link text length is 0 or less:  expected [true] but found [false],
Link text length is 0 or less:  expected [true] but found [false],
Link text length is 0 or less:  expected [true] but found [false],
Link text length is 0 or less:  expected [true] but found [false],
Link text length is 0 or less:  expected [true] but found [false],
Link text length is 0 or less:  expected [true] but found [false],
Link text length is 0 or less:  expected [true] but found [false],
Link text length is 0 or less:  expected [true] but found [false],
Link text length is 0 or less:  expected [true] but found [false],
Link text length is 0 or less:  expected [true] but found [false],
Link text length is 0 or less:  expected [true] but found [false],
Link text length is 0 or less:  expected [true] but found [false],
Link text length is 0 or less:  expected [true] but found [false],
Link text length is 0 or less:  expected [true] but found [false],
Link text length is 0 or less:  expected [true] but found [false],
Link text length is 0 or less:  expected [true] but found [false],
Link text length is 0 or less:  expected [true] but found [false],
Link text length is 0 or less:  expected [true] but found [false],
Link text length is 0 or less:  expected [true] but found [false],
Link text length is 0 or less:  expected [true] but found [false],
Link text length is 0 or less:  expected [true] but found [false],
Link text length is 0 or less:  expected [true] but found [false],
Link text length is 0 or less:  expected [true] but found [false],
Link text length is 0 or less:  expected [true] but found [false],
Link text length is 0 or less:  expected [true] but found [false],
Link text length is 0 or less:  expected [true] but found [false],
Link text length is 0 or less:  expected [true] but found [false],
Link text length is 0 or less:  expected [true] but found [false],
Link text length is 0 or less:  expected [true] but found [false],
Link text length is 0 or less:  expected [true] but found [false],
Link text length is 0 or less:  expected [true] but found [false],
Link text length is 0 or less:  expected [true] but found [false],
Link text length is 0 or less:  expected [true] but found [false],
Link text length is 0 or less:  expected [true] but found [false],
Link text length is 0 or less:  expected [true] but found [false],
Link text length is 0 or less:  expected [true] but found [false],
Link text length is 0 or less:  expected [true] but found [false],
Link text length is 0 or less:  expected [true] but found [false],
Link text length is 0 or less:  expected [true] but found [false],
Link text length is 0 or less:  expected [true] but found [false],
Link text length is 0 or less:  expected [true] but found [false],
Link text length is 0 or less:  expected [true] but found [false],
Link text length is 0 or less:  expected [true] but found [false],
Link text length is 0 or less:  expected [true] but found [false],
Link text length is 0 or less:  expected [true] but found [false],
Link text length is 0 or less:  expected [true] but found [false],
Link text length is 0 or less:  expected [true] but found [false],
Link text length is 0 or less:  expected [true] but found [false],
Link text length is 0 or less:  expected [true] but found [false],
Link text length is 0 or less:  expected [true] but found [false],
Link text length is 0 or less:  expected [true] but found [false],
Link text length is 0 or less:  expected [true] but found [false],
Link text length is 0 or less:  expected [true] but found [false],
Link text length is 0 or less:  expected [true] but found [false],
Link text length is 0 or less:  expected [true] but found [false],
Link text length is 0 or less:  expected [true] but found [false],
Link text length is 0 or less:  expected [true] but found [false],
Link text length is 0 or less:  expected [true] but found [false],
Link text length is 0 or less:  expected [true] but found [false],
Link text length is 0 or less:  expected [true] but found [false],
Link text length is 0 or less:  expected [true] but found [false],
Link text length is 0 or less:  expected [true] but found [false],
Link text length is 0 or less:  expected [true] but found [false],
Link text length is 0 or less:  expected [true] but found [false],
Link text length is 0 or less:  expected [true] but found [false],
Link text length is 0 or less:  expected [true] but found [false],
Link text length is 0 or less:  expected [true] but found [false],
Link text length is 0 or less:  expected [true] but found [false],
Link text length is 0 or less:  expected [true] but found [false],
Link text length is 0 or less:  expected [true] but found [false],
Link text length is 0 or less:  expected [true] but found [false],
Link text length is 0 or less:  expected [true] but found [false],
Link text length is 0 or less:  expected [true] but found [false],
Link text length is 0 or less:  expected [true] but found [false],
Link text length is 0 or less:  expected [true] but found [false],
Link text length is 0 or less:  expected [true] but found [false],
Link text length is 0 or less:  expected [true] but found [false],
Link text length is 0 or less:  expected [true] but found [false],
Link text length is 0 or less:  expected [true] but found [false],
Link text length is 0 or less:  expected [true] but found [false],
Link text length is 0 or less:  expected [true] but found [false],
Link text length is 0 or less:  expected [true] but found [false],
Link text length is 0 or less:  expected [true] but found [false],
Link text length is 0 or less:  expected [true] but found [false],
Link text length is 0 or less:  expected [true] but found [false],
Link text length is 0 or less:  expected [true] but found [false],
Link text length is 0 or less:  expected [true] but found [false],
Link text length is 0 or less:  expected [true] but found [false],
Link text length is 0 or less:  expected [true] but found [false],
Link text length is 0 or less:  expected [true] but found [false],
Link text length is 0 or less:  expected [true] but found [false],
Link text length is 0 or less:  expected [true] but found [false],
Link text length is 0 or less:  expected [true] but found [false],
Link text length is 0 or less:  expected [true] but found [false],
Link text length is 0 or less:  expected [true] but found [false],
Link text length is 0 or less:  expected [true] but found [false],
Link text length is 0 or less:  expected [true] but found [false],
Link text length is 0 or less:  expected [true] but found [false],
Link text length is 0 or less:  expected [true] but found [false],
Link text length is 0 or less:  expected [true] but found [false],
Link text length is 0 or less:  expected [true] but found [false],
Link text length is 0 or less:  expected [true] but found [false],
Link text length is 0 or less:  expected [true] but found [false],
Link text length is 0 or less:  expected [true] but found [false],
Link text length is 0 or less:  expected [true] but found [false],
Link text length is 0 or less:  expected [true] but found [false],
Link text length is 0 or less:  expected [true] but found [false],
Link text length is 0 or less:  expected [true] but found [false],
Link text length is 0 or less:  expected [true] but found [false],
Link text length is 0 or less:  expected [true] but found [false],
Link text length is 0 or less:  expected [true] but found [false],
Link text length is 0 or less:  expected [true] but found [false],
Link text length is 0 or less:  expected [true] but found [false],
Link text length is 0 or less:  expected [true] but found [false],
Link text length is 0 or less:  expected [true] but found [false],
Link text length is 0 or less:  expected [true] but found [false],
Link text length is 0 or less:  expected [true] but found [false],
Link text length is 0 or less:  expected [true] but found [false],
Link text length is 0 or less:  expected [true] but found [false],
Link text length is 0 or less:  expected [true] but found [false],
Link text length is 0 or less:  expected [true] but found [false],
Link text length is 0 or less:  expected [true] but found [false],
Link text length is 0 or less:  expected [true] but found [false],
Link text length is 0 or less:  expected [true] but found [false],
Link text length is 0 or less:  expected [true] but found [false],
Link text length is 0 or less:  expected [true] but found [false],
Link text length is 0 or less:  expected [true] but found [false],
Link text length is 0 or less:  expected [true] but found [false],
Link text length is 0 or less:  expected [true] but found [false],
Link text length is 0 or less:  expected [true] but found [false],
Link text length is 0 or less:  expected [true] but found [false],
Link text length is 0 or less:  expected [true] but found [false],
Link text length is 0 or less:  expected [true] but found [false],
Link text length is 0 or less:  expected [true] but found [false],
Link text length is 0 or less:  expected [true] but found [false],
Link text length is 0 or less:  expected [true] but found [false],
Link text length is 0 or less:  expected [true] but found [false],
Link text length is 0 or less:  expected [true] but found [false],
Link text length is 0 or less:  expected [true] but found [false],
Link text length is 0 or less:  expected [true] but found [false],
Link text length is 0 or less:  expected [true] but found [false],
Link text length is 0 or less:  expected [true] but found [false],
Link text length is 0 or less:  expected [true] but found [false],
Link text length is 0 or less:  expected [true] but found [false],
Link text length is 0 or less:  expected [true] but found [false],
Link text length is 0 or less:  expected [true] but found [false],
Link text length is 0 or less:  expected [true] but found [false],
Link text length is 0 or less:  expected [true] but found [false],
Link text length is 0 or less:  expected [true] but found [false],
Link text length is 0 or less:  expected [true] but found [false],
Link text length is 0 or less:  expected [true] but found [false],
Link text length is 0 or less:  expected [true] but found [false],
Link text length is 0 or less:  expected [true] but found [false],
Link text length is 0 or less:  expected [true] but found [false],
Link text length is 0 or less:  expected [true] but found [false],
Link text length is 0 or less:  expected [true] but found [false],
Link text length is 0 or less:  expected [true] but found [false],
Link text length is 0 or less:  expected [true] but found [false],
Link text length is 0 or less:  expected [true] but found [false],
Link text length is 0 or less:  expected [true] but found [false],
Link text length is 0 or less:  expected [true] but found [false],
Link text length is 0 or less:  expected [true] but found [false],
Link text length is 0 or less:  expected [true] but found [false],
Link text length is 0 or less:  expected [true] but found [false],
Link text length is 0 or less:  expected [true] but found [false],
Link text length is 0 or less:  expected [true] but found [false],
Link text length is 0 or less:  expected [true] but found [false],
Link text length is 0 or less:  expected [true] but found [false],
Link text length is 0 or less:  expected [true] but found [false],
Link text length is 0 or less:  expected [true] but found [false],
Link text length is 0 or less:  expected [true] but found [false],
Link text length is 0 or less:  expected [true] but found [false],
Link text length is 0 or less:  expected [true] but found [false],
Link text length is 0 or less:  expected [true] but found [false],
Link text length is 0 or less:  expected [true] but found [false],
Link text length is 0 or less:  expected [true] but found [false],
Link text length is 0 or less:  expected [true] but found [false],
Link text length is 0 or less:  expected [true] but found [false],
Link text length is 0 or less:  expected [true] but found [false],
Link text length is 0 or less:  expected [true] but found [false],
Link text length is 0 or less:  expected [true] but found [false],
Link text length is 0 or less:  expected [true] but found [false],
Link text length is 0 or less:  expected [true] but found [false],
Link text length is 0 or less:  expected [true] but found [false],
Link text length is 0 or less:  expected [true] but found [false],
Link text length is 0 or less:  expected [true] but found [false],
Link text length is 0 or less:  expected [true] but found [false],
Link text length is 0 or less:  expected [true] but found [false],
Link text length is 0 or less:  expected [true] but found [false],
Link text length is 0 or less:  expected [true] but found [false],
Link text length is 0 or less:  expected [true] but found [false],
Link text length is 0 or less:  expected [true] but found [false],
Link text length is 0 or less:  expected [true] but found [false],
Link text length is 0 or less:  expected [true] but found [false],
Link text length is 0 or less:  expected [true] but found [false],
Link text length is 0 or less:  expected [true] but found [false],
Link text length is 0 or less:  expected [true] but found [false],
Link text length is 0 or less:  expected [true] but found [false],
Link text length is 0 or less:  expected [true] but found [false],
Link text length is 0 or less:  expected [true] but found [false],
Link text length is 0 or less:  expected [true] but found [false],
Link text length is 0 or less:  expected [true] but found [false],
Link text length is 0 or less:  expected [true] but found [false],
Link text length is 0 or less:  expected [true] but found [false],
Link text length is 0 or less:  expected [true] but found [false],
Link text length is 0 or less:  expected [true] but found [false],
Link text length is 0 or less:  expected [true] but found [false],
Link text length is 0 or less:  expected [true] but found [false],
Link text length is 0 or less:  expected [true] but found [false],
Link text length is 0 or less:  expected [true] but found [false],
Link text length is 0 or less:  expected [true] but found [false],
Link text length is 0 or less:  expected [true] but found [false],
Link text length is 0 or less:  expected [true] but found [false],
Link text length is 0 or less:  expected [true] but found [false],
Link text length is 0 or less:  expected [true] but found [false],
Link text length is 0 or less:  expected [true] but found [false],
Link text length is 0 or less:  expected [true] but found [false],
Link text length is 0 or less:  expected [true] but found [false],
Link text length is 0 or less:  expected [true] but found [false],
Link text length is 0 or less:  expected [true] but found [false],
Link text length is 0 or less:  expected [true] but found [false],
Link text length is 0 or less:  expected [true] but found [false],
Link text length is 0 or less:  expected [true] but found [false],
Link text length is 0 or less:  expected [true] but found [false],
Link text length is 0 or less:  expected [true] but found [false],
Link text length is 0 or less:  expected [true] but found [false],
Link text length is 0 or less:  expected [true] but found [false],
Link text length is 0 or less:  expected [true] but found [false],
Link text length is 0 or less:  expected [true] but found [false]
at org.testng.asserts.SoftAssert.assertAll(SoftAssert.java:47)
at org.testng.asserts.SoftAssert.assertAll(SoftAssert.java:31)
at com.AI.pages.Basepage.getLinksText(Basepage.java:231)
at com.AI.pages.TechiedelightPage.gettext(TechiedelightPage.java:17)
at com.AI.tests.TechieDelightTest.getalllinks(TechieDelightTest.java:20)
at java.base/jdk.internal.reflect.DirectMethodHandleAccessor.invoke(DirectMethodHandleAccessor.java:103)
at java.base/java.lang.reflect.Method.invoke(Method.java:580)
at org.testng.internal.MethodInvocationHelper.invokeMethod(MethodInvocationHelper.java:133)
at org.testng.internal.TestInvoker.invokeMethod(TestInvoker.java:598)
at org.testng.internal.TestInvoker.retryFailed(TestInvoker.java:213)
at org.testng.internal.MethodRunner.runInSequence(MethodRunner.java:58)
at org.testng.internal.TestInvoker$MethodInvocationAgent.invoke(TestInvoker.java:824)
at org.testng.internal.TestInvoker.invokeTestMethods(TestInvoker.java:146)
at org.testng.internal.TestMethodWorker.invokeTestMethods(TestMethodWorker.java:146)
at org.testng.internal.TestMethodWorker.run(TestMethodWorker.java:128)
at java.base/java.util.ArrayList.forEach(ArrayList.java:1597)
at org.testng.TestRunner.privateRun(TestRunner.java:794)
at org.testng.TestRunner.run(TestRunner.java:596)
at org.testng.SuiteRunner.runTest(SuiteRunner.java:377)
at org.testng.SuiteRunner.runSequentially(SuiteRunner.java:371)
at org.testng.SuiteRunner.privateRun(SuiteRunner.java:332)
at org.testng.SuiteRunner.run(SuiteRunner.java:276)
at org.testng.SuiteRunnerWorker.runSuite(SuiteRunnerWorker.java:53)
at org.testng.SuiteRunnerWorker.run(SuiteRunnerWorker.java:96)
at org.testng.TestNG.runSuitesSequentially(TestNG.java:1212)
at org.testng.TestNG.runSuitesLocally(TestNG.java:1134)
at org.testng.TestNG.runSuites(TestNG.java:1063)
at org.testng.TestNG.run(TestNG.java:1031)
at org.testng.remote.AbstractRemoteTestNG.run(AbstractRemoteTestNG.java:115)
at org.testng.remote.RemoteTestNG.initAndRun(RemoteTestNG.java:293)
at org.testng.remote.RemoteTestNG.main(RemoteTestNG.java:91)
]]>
    </failure>
  </testcase> <!-- getalllinks -->
</testsuite> <!-- Default test -->
