<?xml version="1.0" encoding="UTF-8"?>
<testng-results ignored="0" total="1" passed="1" failed="0" skipped="0">
  <reporter-output>
  </reporter-output>
  <suite started-at="2024-09-28T22:21:37 IST" name="Default suite" finished-at="2024-09-28T22:21:44 IST" duration-ms="6659">
    <groups>
    </groups>
    <test started-at="2024-09-28T22:21:37 IST" name="Default test" finished-at="2024-09-28T22:21:44 IST" duration-ms="6659">
      <class name="com.AI.tests.HomepageTest">
        <test-method is-config="true" signature="setUp()[pri:0, instance:com.AI.tests.HomepageTest@506ae4d4]" started-at="2024-09-28T22:21:37 IST" name="setUp" finished-at="2024-09-28T22:21:43 IST" duration-ms="5229" status="PASS">
          <reporter-output>
          </reporter-output>
        </test-method> <!-- setUp -->
        <test-method signature="test3()[pri:0, instance:com.AI.tests.HomepageTest@506ae4d4]" started-at="2024-09-28T22:21:43 IST" name="test3" finished-at="2024-09-28T22:21:43 IST" duration-ms="66" status="PASS">
          <reporter-output>
          </reporter-output>
        </test-method> <!-- test3 -->
        <test-method is-config="true" signature="tearDown()[pri:0, instance:com.AI.tests.HomepageTest@506ae4d4]" started-at="2024-09-28T22:21:43 IST" name="tearDown" finished-at="2024-09-28T22:21:44 IST" duration-ms="1328" status="PASS">
          <reporter-output>
          </reporter-output>
        </test-method> <!-- tearDown -->
      </class> <!-- com.AI.tests.HomepageTest -->
    </test> <!-- Default test -->
  </suite> <!-- Default suite -->
</testng-results>
